
#######################
###20130505 06:26:17###
#######################
  [ 2013-05-05T06:26:17+00:00 ]    UNKNOW:   Illegal string offset 'dqw'
  [ 2013-05-05T06:26:17+00:00 ]    UNKNOW:   Illegal string offset 'swqs'
  [ 2013-05-05T06:26:17+00:00 ]    UNKNOW:   Illegal string offset 'swqs'
  [ 2013-05-05T06:26:17+00:00 ]    E_PARSE:   syntax error, unexpected '[', expecting '('
  [ 2013-05-05T06:26:17+00:00 ]    UNKNOW:   include(): Filename cannot be empty
  [ 2013-05-05T06:26:17+00:00 ]    UNKNOW:   include(): Failed opening '' for inclusion (include_path='.;C:\php\pear')

#######################
###20130505 06:28:46###
#######################
  [ 2013-05-05T06:28:46+00:00 ]    UNKNOW:   Illegal string offset 'dqw'
  [ 2013-05-05T06:28:46+00:00 ]    UNKNOW:   Illegal string offset 'swqs'
  [ 2013-05-05T06:28:46+00:00 ]    UNKNOW:   Illegal string offset 'swqs'
  [ 2013-05-05T06:28:46+00:00 ]    E_PARSE:   syntax error, unexpected '.', expecting ']'
  [ 2013-05-05T06:28:46+00:00 ]    UNKNOW:   include(): Filename cannot be empty
  [ 2013-05-05T06:28:46+00:00 ]    UNKNOW:   include(): Failed opening '' for inclusion (include_path='.;C:\php\pear')

#######################
###20130505 06:30:49###
#######################
  [ 2013-05-05T06:30:49+00:00 ]    UNKNOW:   Illegal string offset 'dqw'
  [ 2013-05-05T06:30:49+00:00 ]    UNKNOW:   Illegal string offset 'swqs'
  [ 2013-05-05T06:30:49+00:00 ]    UNKNOW:   Illegal string offset 'swqs'
  [ 2013-05-05T06:30:49+00:00 ]    E_PARSE:   syntax error, unexpected '.', expecting ']'
  [ 2013-05-05T06:30:49+00:00 ]    UNKNOW:   include(): Filename cannot be empty
  [ 2013-05-05T06:30:49+00:00 ]    UNKNOW:   include(): Failed opening '' for inclusion (include_path='.;C:\php\pear')

#######################
###20130505 06:31:12###
#######################
  [ 2013-05-05T06:31:12+00:00 ]    UNKNOW:   Illegal string offset 'dqw'
  [ 2013-05-05T06:31:12+00:00 ]    UNKNOW:   Illegal string offset 'swqs'
  [ 2013-05-05T06:31:12+00:00 ]    UNKNOW:   Illegal string offset 'swqs'
  [ 2013-05-05T06:31:12+00:00 ]    E_PARSE:   syntax error, unexpected '.', expecting ']'
  [ 2013-05-05T06:31:12+00:00 ]    UNKNOW:   include(): Filename cannot be empty
  [ 2013-05-05T06:31:12+00:00 ]    UNKNOW:   include(): Failed opening '' for inclusion (include_path='.;C:\php\pear')

#######################
###20130505 06:31:46###
#######################
  [ 2013-05-05T06:31:46+00:00 ]    UNKNOW:   Illegal string offset 'dqw'
  [ 2013-05-05T06:31:46+00:00 ]    UNKNOW:   Illegal string offset 'swqs'
  [ 2013-05-05T06:31:46+00:00 ]    UNKNOW:   Illegal string offset 'swqs'
  [ 2013-05-05T06:31:46+00:00 ]    E_PARSE:   syntax error, unexpected '.', expecting ']'
  [ 2013-05-05T06:31:46+00:00 ]    UNKNOW:   include(): Filename cannot be empty
  [ 2013-05-05T06:31:46+00:00 ]    UNKNOW:   include(): Failed opening '' for inclusion (include_path='.;C:\php\pear')

#######################
###20130505 06:32:11###
#######################
  [ 2013-05-05T06:32:11+00:00 ]    UNKNOW:   Illegal string offset 'dqw'
  [ 2013-05-05T06:32:11+00:00 ]    UNKNOW:   Illegal string offset 'swqs'
  [ 2013-05-05T06:32:11+00:00 ]    UNKNOW:   Illegal string offset 'swqs'
  [ 2013-05-05T06:32:11+00:00 ]    E_PARSE:   syntax error, unexpected '.', expecting ']'
  [ 2013-05-05T06:32:11+00:00 ]    UNKNOW:   include(): Filename cannot be empty
  [ 2013-05-05T06:32:11+00:00 ]    UNKNOW:   include(): Failed opening '' for inclusion (include_path='.;C:\php\pear')

#######################
###20130505 06:40:36###
#######################
  [ 2013-05-05T06:40:36+00:00 ]    E_PARSE:   syntax error, unexpected 'switch' (T_SWITCH)
